[23-May-2025 01:26:16 Europe/Berlin] PHP Fatal error:  Uncaught Error: Call to undefined function getFacultyScheduleSummary() in C:\xampp\htdocs\faculty-consultation-scheduler\pages\faculty\consultation_hours.php:22
Stack trace:
#0 {main}
  thrown in C:\xampp\htdocs\faculty-consultation-scheduler\pages\faculty\consultation_hours.php on line 22
[23-May-2025 01:26:29 Europe/Berlin] PHP Fatal error:  Uncaught Error: Call to undefined function getFacultyScheduleSummary() in C:\xampp\htdocs\faculty-consultation-scheduler\pages\faculty\consultation_hours.php:22
Stack trace:
#0 {main}
  thrown in C:\xampp\htdocs\faculty-consultation-scheduler\pages\faculty\consultation_hours.php on line 22
[23-May-2025 01:26:31 Europe/Berlin] PHP Fatal error:  Uncaught Error: Call to undefined function hasConsultationHoursSetup() in C:\xampp\htdocs\faculty-consultation-scheduler\pages\faculty\manage_breaks.php:18
Stack trace:
#0 {main}
  thrown in C:\xampp\htdocs\faculty-consultation-scheduler\pages\faculty\manage_breaks.php on line 18
[23-May-2025 01:26:35 Europe/Berlin] PHP Fatal error:  Uncaught Error: Call to undefined function getFacultyScheduleSummary() in C:\xampp\htdocs\faculty-consultation-scheduler\pages\faculty\consultation_hours.php:22
Stack trace:
#0 {main}
  thrown in C:\xampp\htdocs\faculty-consultation-scheduler\pages\faculty\consultation_hours.php on line 22
[23-May-2025 01:26:39 Europe/Berlin] PHP Fatal error:  Uncaught Error: Call to undefined function getFacultyScheduleSummary() in C:\xampp\htdocs\faculty-consultation-scheduler\pages\faculty\consultation_hours.php:22
Stack trace:
#0 {main}
  thrown in C:\xampp\htdocs\faculty-consultation-scheduler\pages\faculty\consultation_hours.php on line 22
[23-May-2025 01:26:45 Europe/Berlin] PHP Fatal error:  Uncaught Error: Call to undefined function hasConsultationHoursSetup() in C:\xampp\htdocs\faculty-consultation-scheduler\pages\faculty\manage_breaks.php:18
Stack trace:
#0 {main}
  thrown in C:\xampp\htdocs\faculty-consultation-scheduler\pages\faculty\manage_breaks.php on line 18
[23-May-2025 01:26:54 Europe/Berlin] PHP Fatal error:  Uncaught Error: Call to undefined function getFacultyScheduleSummary() in C:\xampp\htdocs\faculty-consultation-scheduler\pages\faculty\consultation_hours.php:22
Stack trace:
#0 {main}
  thrown in C:\xampp\htdocs\faculty-consultation-scheduler\pages\faculty\consultation_hours.php on line 22
[23-May-2025 01:26:55 Europe/Berlin] PHP Fatal error:  Uncaught Error: Call to undefined function getFacultyScheduleSummary() in C:\xampp\htdocs\faculty-consultation-scheduler\pages\faculty\consultation_hours.php:22
Stack trace:
#0 {main}
  thrown in C:\xampp\htdocs\faculty-consultation-scheduler\pages\faculty\consultation_hours.php on line 22
[23-May-2025 01:26:56 Europe/Berlin] PHP Fatal error:  Uncaught Error: Call to undefined function hasConsultationHoursSetup() in C:\xampp\htdocs\faculty-consultation-scheduler\pages\faculty\manage_breaks.php:18
Stack trace:
#0 {main}
  thrown in C:\xampp\htdocs\faculty-consultation-scheduler\pages\faculty\manage_breaks.php on line 18
